# JRE version: OpenJDK Runtime Environment (8.0_112-b06) (build 1.8.0_112-release-b06)
# Java VM: OpenJDK 64-Bit Server VM (25.112-b06 mixed mode windows-amd64 compressed oops)
Heap:
 PSYoungGen      total 264704K, used 49138K [0x00000000eab00000, 0x0000000100000000, 0x0000000100000000)
  eden space 215552K, 0% used [0x00000000eab00000,0x00000000eab00000,0x00000000f7d80000)
  from space 49152K, 99% used [0x00000000f7d80000,0x00000000fad7cb58,0x00000000fad80000)
  to   space 78848K, 0% used [0x00000000fb300000,0x00000000fb300000,0x0000000100000000)
 ParOldGen       total 144896K, used 138690K [0x00000000c0000000, 0x00000000c8d80000, 0x00000000eab00000)
  object space 144896K, 95% used [0x00000000c0000000,0x00000000c8770800,0x00000000c8d80000)
 Metaspace       used 64525K, capacity 67570K, committed 67800K, reserved 1107968K
  class space    used 8493K, capacity 9113K, committed 9216K, reserved 1048576K
GC Heap History (10 events):
Event: 57.626 GC heap after
Heap after GC invocations=18 (full 3):
 PSYoungGen      total 177152K, used 0K [0x00000000eab00000, 0x00000000faa80000, 0x0000000100000000)
  eden space 151552K, 0% used [0x00000000eab00000,0x00000000eab00000,0x00000000f3f00000)
  from space 25600K, 0% used [0x00000000f3f00000,0x00000000f3f00000,0x00000000f5800000)
  to   space 27648K, 0% used [0x00000000f8f80000,0x00000000f8f80000,0x00000000faa80000)
 ParOldGen       total 144896K, used 46085K [0x00000000c0000000, 0x00000000c8d80000, 0x00000000eab00000)
  object space 144896K, 31% used [0x00000000c0000000,0x00000000c2d014a0,0x00000000c8d80000)
 Metaspace       used 56510K, capacity 58964K, committed 59096K, reserved 1099776K
  class space    used 7629K, capacity 8170K, committed 8192K, reserved 1048576K
}
Event: 494.181 GC heap before
{Heap before GC invocations=19 (full 3):
 PSYoungGen      total 177152K, used 151552K [0x00000000eab00000, 0x00000000faa80000, 0x0000000100000000)
  eden space 151552K, 100% used [0x00000000eab00000,0x00000000f3f00000,0x00000000f3f00000)
  from space 25600K, 0% used [0x00000000f3f00000,0x00000000f3f00000,0x00000000f5800000)
  to   space 27648K, 0% used [0x00000000f8f80000,0x00000000f8f80000,0x00000000faa80000)
 ParOldGen       total 144896K, used 46085K [0x00000000c0000000, 0x00000000c8d80000, 0x00000000eab00000)
  object space 144896K, 31% used [0x00000000c0000000,0x00000000c2d014a0,0x00000000c8d80000)
 Metaspace       used 57341K, capacity 59896K, committed 59992K, reserved 1101824K
  class space    used 7689K, capacity 8242K, committed 8320K, reserved 1048576K
Event: 494.203 GC heap after
Heap after GC invocations=19 (full 3):
 PSYoungGen      total 211456K, used 9424K [0x00000000eab00000, 0x00000000f9f00000, 0x0000000100000000)
  eden space 195584K, 0% used [0x00000000eab00000,0x00000000eab00000,0x00000000f6a00000)
  from space 15872K, 59% used [0x00000000f8f80000,0x00000000f98b4050,0x00000000f9f00000)
  to   space 27136K, 0% used [0x00000000f6a00000,0x00000000f6a00000,0x00000000f8480000)
 ParOldGen       total 144896K, used 46093K [0x00000000c0000000, 0x00000000c8d80000, 0x00000000eab00000)
  object space 144896K, 31% used [0x00000000c0000000,0x00000000c2d034a0,0x00000000c8d80000)
 Metaspace       used 57341K, capacity 59896K, committed 59992K, reserved 1101824K
  class space    used 7689K, capacity 8242K, committed 8320K, reserved 1048576K
}
Event: 515.333 GC heap before
{Heap before GC invocations=20 (full 3):
 PSYoungGen      total 211456K, used 205008K [0x00000000eab00000, 0x00000000f9f00000, 0x0000000100000000)
  eden space 195584K, 100% used [0x00000000eab00000,0x00000000f6a00000,0x00000000f6a00000)
  from space 15872K, 59% used [0x00000000f8f80000,0x00000000f98b4050,0x00000000f9f00000)
  to   space 27136K, 0% used [0x00000000f6a00000,0x00000000f6a00000,0x00000000f8480000)
 ParOldGen       total 144896K, used 46093K [0x00000000c0000000, 0x00000000c8d80000, 0x00000000eab00000)
  object space 144896K, 31% used [0x00000000c0000000,0x00000000c2d034a0,0x00000000c8d80000)
 Metaspace       used 62562K, capacity 65302K, committed 65496K, reserved 1105920K
  class space    used 8319K, capacity 8879K, committed 8960K, reserved 1048576K
Event: 515.383 GC heap after
Heap after GC invocations=20 (full 3):
 PSYoungGen      total 222720K, used 27128K [0x00000000eab00000, 0x00000000fd000000, 0x0000000100000000)
  eden space 195584K, 0% used [0x00000000eab00000,0x00000000eab00000,0x00000000f6a00000)
  from space 27136K, 99% used [0x00000000f6a00000,0x00000000f847e008,0x00000000f8480000)
  to   space 35328K, 0% used [0x00000000fad80000,0x00000000fad80000,0x00000000fd000000)
 ParOldGen       total 144896K, used 57202K [0x00000000c0000000, 0x00000000c8d80000, 0x00000000eab00000)
  object space 144896K, 39% used [0x00000000c0000000,0x00000000c37dcb08,0x00000000c8d80000)
 Metaspace       used 62562K, capacity 65302K, committed 65496K, reserved 1105920K
  class space    used 8319K, capacity 8879K, committed 8960K, reserved 1048576K
}
Event: 553.204 GC heap before
{Heap before GC invocations=21 (full 3):
 PSYoungGen      total 222720K, used 222712K [0x00000000eab00000, 0x00000000fd000000, 0x0000000100000000)
  eden space 195584K, 100% used [0x00000000eab00000,0x00000000f6a00000,0x00000000f6a00000)
  from space 27136K, 99% used [0x00000000f6a00000,0x00000000f847e008,0x00000000f8480000)
  to   space 35328K, 0% used [0x00000000fad80000,0x00000000fad80000,0x00000000fd000000)
 ParOldGen       total 144896K, used 57202K [0x00000000c0000000, 0x00000000c8d80000, 0x00000000eab00000)
  object space 144896K, 39% used [0x00000000c0000000,0x00000000c37dcb08,0x00000000c8d80000)
 Metaspace       used 64167K, capacity 67130K, committed 67160K, reserved 1107968K
  class space    used 8466K, capacity 9073K, committed 9088K, reserved 1048576K
Event: 553.294 GC heap after
Heap after GC invocations=21 (full 3):
 PSYoungGen      total 250880K, used 35324K [0x00000000eab00000, 0x00000000fe700000, 0x0000000100000000)
  eden space 215552K, 0% used [0x00000000eab00000,0x00000000eab00000,0x00000000f7d80000)
  from space 35328K, 99% used [0x00000000fad80000,0x00000000fcfff3a8,0x00000000fd000000)
  to   space 49152K, 0% used [0x00000000f7d80000,0x00000000f7d80000,0x00000000fad80000)
 ParOldGen       total 144896K, used 80364K [0x00000000c0000000, 0x00000000c8d80000, 0x00000000eab00000)
  object space 144896K, 55% used [0x00000000c0000000,0x00000000c4e7b318,0x00000000c8d80000)
 Metaspace       used 64167K, capacity 67130K, committed 67160K, reserved 1107968K
  class space    used 8466K, capacity 9073K, committed 9088K, reserved 1048576K
}
Event: 558.011 GC heap before
{Heap before GC invocations=22 (full 3):
 PSYoungGen      total 250880K, used 250876K [0x00000000eab00000, 0x00000000fe700000, 0x0000000100000000)
  eden space 215552K, 100% used [0x00000000eab00000,0x00000000f7d80000,0x00000000f7d80000)
  from space 35328K, 99% used [0x00000000fad80000,0x00000000fcfff3a8,0x00000000fd000000)
  to   space 49152K, 0% used [0x00000000f7d80000,0x00000000f7d80000,0x00000000fad80000)
 ParOldGen       total 144896K, used 80364K [0x00000000c0000000, 0x00000000c8d80000, 0x00000000eab00000)
  object space 144896K, 55% used [0x00000000c0000000,0x00000000c4e7b318,0x00000000c8d80000)
 Metaspace       used 64525K, capacity 67570K, committed 67800K, reserved 1107968K
  class space    used 8493K, capacity 9113K, committed 9216K, reserved 1048576K
Event: 558.157 GC heap after
Heap after GC invocations=22 (full 3):
 PSYoungGen      total 264704K, used 49138K [0x00000000eab00000, 0x0000000100000000, 0x0000000100000000)
  eden space 215552K, 0% used [0x00000000eab00000,0x00000000eab00000,0x00000000f7d80000)
  from space 49152K, 99% used [0x00000000f7d80000,0x00000000fad7cb58,0x00000000fad80000)
  to   space 78848K, 0% used [0x00000000fb300000,0x00000000fb300000,0x0000000100000000)
 ParOldGen       total 144896K, used 138690K [0x00000000c0000000, 0x00000000c8d80000, 0x00000000eab00000)
  object space 144896K, 95% used [0x00000000c0000000,0x00000000c8770800,0x00000000c8d80000)
 Metaspace       used 64525K, capacity 67570K, committed 67800K, reserved 1107968K
  class space    used 8493K, capacity 9113K, committed 9216K, reserved 1048576K
}
Event: 558.157 GC heap before
{Heap before GC invocations=23 (full 4):
 PSYoungGen      total 264704K, used 49138K [0x00000000eab00000, 0x0000000100000000, 0x0000000100000000)
  eden space 215552K, 0% used [0x00000000eab00000,0x00000000eab00000,0x00000000f7d80000)
  from space 49152K, 99% used [0x00000000f7d80000,0x00000000fad7cb58,0x00000000fad80000)
  to   space 78848K, 0% used [0x00000000fb300000,0x00000000fb300000,0x0000000100000000)
 ParOldGen       total 144896K, used 138690K [0x00000000c0000000, 0x00000000c8d80000, 0x00000000eab00000)
  object space 144896K, 95% used [0x00000000c0000000,0x00000000c8770800,0x00000000c8d80000)
 Metaspace       used 64525K, capacity 67570K, committed 67800K, reserved 1107968K
  class space    used 8493K, capacity 9113K, committed 9216K, reserved 1048576K

